C:\USERS\SUPREET\DOCUMENTS\VISUAL STUDIO 2010\PROJECTS\CABAPP1\CABAPP1\DEBUG\CABAPP1.EXE.EMBED.MANIFEST
C:\USERS\SUPREET\DOCUMENTS\VISUAL STUDIO 2010\PROJECTS\CABAPP1\CABAPP1\DEBUG\CABAPP1.EXE.EMBED.MANIFEST.RES
C:\USERS\SUPREET\DOCUMENTS\VISUAL STUDIO 2010\PROJECTS\CABAPP1\CABAPP1\DEBUG\CABAPP1.EXE.INTERMEDIATE.MANIFEST
C:\USERS\SUPREET\DOCUMENTS\VISUAL STUDIO 2010\PROJECTS\CABAPP1\CABAPP1\DEBUG\CABAPP1.OBJ
C:\USERS\SUPREET\DOCUMENTS\VISUAL STUDIO 2010\PROJECTS\CABAPP1\CABAPP1\DEBUG\CABAPP1.PCH
C:\USERS\SUPREET\DOCUMENTS\VISUAL STUDIO 2010\PROJECTS\CABAPP1\CABAPP1\DEBUG\CABAPP1.RES
C:\Users\supreet\Documents\Visual Studio 2010\Projects\cabapp1\cabapp1\Debug\cabapp1_manifest.rc
C:\USERS\SUPREET\DOCUMENTS\VISUAL STUDIO 2010\PROJECTS\CABAPP1\CABAPP1\DEBUG\CABAPP1DLG.OBJ
C:\Users\supreet\Documents\Visual Studio 2010\Projects\cabapp1\cabapp1\Debug\cl.command.1.tlog
C:\Users\supreet\Documents\Visual Studio 2010\Projects\cabapp1\cabapp1\Debug\CL.read.1.tlog
C:\Users\supreet\Documents\Visual Studio 2010\Projects\cabapp1\cabapp1\Debug\CL.write.1.tlog
C:\Users\supreet\Documents\Visual Studio 2010\Projects\cabapp1\cabapp1\Debug\link.command.1.tlog
C:\Users\supreet\Documents\Visual Studio 2010\Projects\cabapp1\cabapp1\Debug\link.read.1.tlog
C:\Users\supreet\Documents\Visual Studio 2010\Projects\cabapp1\cabapp1\Debug\link.write.1.tlog
C:\Users\supreet\Documents\Visual Studio 2010\Projects\cabapp1\cabapp1\Debug\link-cvtres.read.1.tlog
C:\Users\supreet\Documents\Visual Studio 2010\Projects\cabapp1\cabapp1\Debug\link-cvtres.write.1.tlog
C:\Users\supreet\Documents\Visual Studio 2010\Projects\cabapp1\cabapp1\Debug\mt.command.1.tlog
C:\Users\supreet\Documents\Visual Studio 2010\Projects\cabapp1\cabapp1\Debug\mt.read.1.tlog
C:\Users\supreet\Documents\Visual Studio 2010\Projects\cabapp1\cabapp1\Debug\mt.write.1.tlog
C:\Users\supreet\Documents\Visual Studio 2010\Projects\cabapp1\cabapp1\Debug\rc.command.1.tlog
C:\Users\supreet\Documents\Visual Studio 2010\Projects\cabapp1\cabapp1\Debug\rc.read.1.tlog
C:\Users\supreet\Documents\Visual Studio 2010\Projects\cabapp1\cabapp1\Debug\rc.write.1.tlog
C:\USERS\SUPREET\DOCUMENTS\VISUAL STUDIO 2010\PROJECTS\CABAPP1\CABAPP1\DEBUG\STDAFX.OBJ
C:\Users\supreet\Documents\Visual Studio 2010\Projects\cabapp1\cabapp1\Debug\vc100.idb
C:\USERS\SUPREET\DOCUMENTS\VISUAL STUDIO 2010\PROJECTS\CABAPP1\CABAPP1\DEBUG\VC100.PDB
C:\USERS\SUPREET\DOCUMENTS\VISUAL STUDIO 2010\PROJECTS\CABAPP1\DEBUG\CABAPP1.EXE
C:\USERS\SUPREET\DOCUMENTS\VISUAL STUDIO 2010\PROJECTS\CABAPP1\DEBUG\CABAPP1.ILK
C:\USERS\SUPREET\DOCUMENTS\VISUAL STUDIO 2010\PROJECTS\CABAPP1\DEBUG\CABAPP1.PDB
