C:\USERS\SUPREET\DOCUMENTS\VISUAL STUDIO 2010\PROJECTS\CABAPP1\CABAPP1\RELEASE\CABAPP1.EXE.INTERMEDIATE.MANIFEST
C:\USERS\SUPREET\DOCUMENTS\VISUAL STUDIO 2010\PROJECTS\CABAPP1\CABAPP1\RELEASE\CABAPP1.OBJ
C:\USERS\SUPREET\DOCUMENTS\VISUAL STUDIO 2010\PROJECTS\CABAPP1\CABAPP1\RELEASE\CABAPP1.PCH
C:\USERS\SUPREET\DOCUMENTS\VISUAL STUDIO 2010\PROJECTS\CABAPP1\CABAPP1\RELEASE\CABAPP1.RES
C:\USERS\SUPREET\DOCUMENTS\VISUAL STUDIO 2010\PROJECTS\CABAPP1\CABAPP1\RELEASE\CABAPP1DLG.OBJ
C:\Users\supreet\Documents\Visual Studio 2010\Projects\cabapp1\cabapp1\Release\cl.command.1.tlog
C:\Users\supreet\Documents\Visual Studio 2010\Projects\cabapp1\cabapp1\Release\CL.read.1.tlog
C:\Users\supreet\Documents\Visual Studio 2010\Projects\cabapp1\cabapp1\Release\CL.write.1.tlog
C:\Users\supreet\Documents\Visual Studio 2010\Projects\cabapp1\cabapp1\Release\link.command.1.tlog
C:\Users\supreet\Documents\Visual Studio 2010\Projects\cabapp1\cabapp1\Release\link.read.1.tlog
C:\Users\supreet\Documents\Visual Studio 2010\Projects\cabapp1\cabapp1\Release\link.write.1.tlog
C:\Users\supreet\Documents\Visual Studio 2010\Projects\cabapp1\cabapp1\Release\link-cvtres.read.1.tlog
C:\Users\supreet\Documents\Visual Studio 2010\Projects\cabapp1\cabapp1\Release\link-cvtres.write.1.tlog
C:\Users\supreet\Documents\Visual Studio 2010\Projects\cabapp1\cabapp1\Release\mt.command.1.tlog
C:\Users\supreet\Documents\Visual Studio 2010\Projects\cabapp1\cabapp1\Release\mt.read.1.tlog
C:\Users\supreet\Documents\Visual Studio 2010\Projects\cabapp1\cabapp1\Release\mt.write.1.tlog
C:\Users\supreet\Documents\Visual Studio 2010\Projects\cabapp1\cabapp1\Release\rc.command.1.tlog
C:\Users\supreet\Documents\Visual Studio 2010\Projects\cabapp1\cabapp1\Release\rc.read.1.tlog
C:\Users\supreet\Documents\Visual Studio 2010\Projects\cabapp1\cabapp1\Release\rc.write.1.tlog
C:\USERS\SUPREET\DOCUMENTS\VISUAL STUDIO 2010\PROJECTS\CABAPP1\CABAPP1\RELEASE\STDAFX.OBJ
C:\USERS\SUPREET\DOCUMENTS\VISUAL STUDIO 2010\PROJECTS\CABAPP1\CABAPP1\RELEASE\VC100.PDB
C:\USERS\SUPREET\DOCUMENTS\VISUAL STUDIO 2010\PROJECTS\CABAPP1\RELEASE\CABAPP1.EXE
C:\USERS\SUPREET\DOCUMENTS\VISUAL STUDIO 2010\PROJECTS\CABAPP1\RELEASE\CABAPP1.PDB
